0 silly argv {
0 silly argv   _: [ 'version' ],
0 silly argv   lernaVersion: '4.0.0',
0 silly argv   '$0': 'lerna',
0 silly argv   bump: 'patch'
0 silly argv }
1 notice cli v4.0.0
2 verbose rootPath /Users/brady/work/bici/bicilib/bici-wui
3 info versioning independent
4 silly isAnythingCommitted
5 verbose isAnythingCommitted 1
6 silly getCurrentBranch
7 verbose currentBranch master
8 silly remoteBranchExists
9 silly isBehindUpstream
10 silly isBehindUpstream master is behind origin/master by 0 commit(s) and ahead by 1
11 silly hasTags
12 verbose hasTags true
13 silly git-describe.sync "@bici-wui/antx@1.0.1-7-gde31fab" => {"lastTagName":"@bici-wui/antx@1.0.1","lastVersion":"1.0.1","refCount":"7","sha":"de31fab","isDirty":false}
14 info Looking for changed packages since @bici-wui/antx@1.0.1
15 silly checking diff packages/antx
16 silly found diff in packages/antx/es/BrickWall/drag.d.ts
16 silly found diff in packages/antx/es/BrickWall/drag.js
16 silly found diff in packages/antx/es/BrickWall/index.d.ts
16 silly found diff in packages/antx/es/BrickWall/index.js
16 silly found diff in packages/antx/es/BrickWall/typing.d.ts
16 silly found diff in packages/antx/es/BrickWall/typing.js
16 silly found diff in packages/antx/es/Button/index.d.ts
16 silly found diff in packages/antx/es/Button/index.js
16 silly found diff in packages/antx/es/Button/index.less
16 silly found diff in packages/antx/es/Button/style/index.less
16 silly found diff in packages/antx/es/Empty/images/adddevice.png
16 silly found diff in packages/antx/es/Empty/images/associatedCockpit.png
16 silly found diff in packages/antx/es/Empty/images/equipmentWorkWell.png
16 silly found diff in packages/antx/es/Empty/images/networkerror.png
16 silly found diff in packages/antx/es/Empty/images/noHistoryTrend.png
16 silly found diff in packages/antx/es/Empty/images/nofile.png
16 silly found diff in packages/antx/es/Empty/images/nomessage.png
16 silly found diff in packages/antx/es/Empty/images/searchResultEmpty.png
16 silly found diff in packages/antx/es/Empty/index.d.ts
16 silly found diff in packages/antx/es/Empty/index.js
16 silly found diff in packages/antx/es/Empty/typing.d.ts
16 silly found diff in packages/antx/es/Empty/typing.js
16 silly found diff in packages/antx/es/Foo/index.d.ts
16 silly found diff in packages/antx/es/Foo/index.js
16 silly found diff in packages/antx/es/Modal/index.d.ts
16 silly found diff in packages/antx/es/Modal/index.js
16 silly found diff in packages/antx/es/Notification/index.js
16 silly found diff in packages/antx/es/Upload/index.js
16 silly found diff in packages/antx/es/index.d.ts
16 silly found diff in packages/antx/es/index.js
16 silly found diff in packages/antx/es/utils/request.js
16 silly found diff in packages/antx/lib/BrickWall/drag.d.ts
16 silly found diff in packages/antx/lib/BrickWall/drag.js
16 silly found diff in packages/antx/lib/BrickWall/index.d.ts
16 silly found diff in packages/antx/lib/BrickWall/index.js
16 silly found diff in packages/antx/lib/BrickWall/typing.d.ts
16 silly found diff in packages/antx/lib/BrickWall/typing.js
16 silly found diff in packages/antx/lib/Empty/images/adddevice.png
16 silly found diff in packages/antx/lib/Empty/images/associatedCockpit.png
16 silly found diff in packages/antx/lib/Empty/images/equipmentWorkWell.png
16 silly found diff in packages/antx/lib/Empty/images/networkerror.png
16 silly found diff in packages/antx/lib/Empty/images/noHistoryTrend.png
16 silly found diff in packages/antx/lib/Empty/images/nofile.png
16 silly found diff in packages/antx/lib/Empty/images/nomessage.png
16 silly found diff in packages/antx/lib/Empty/images/searchResultEmpty.png
16 silly found diff in packages/antx/lib/Empty/index.d.ts
16 silly found diff in packages/antx/lib/Empty/index.js
16 silly found diff in packages/antx/lib/Empty/typing.d.ts
16 silly found diff in packages/antx/lib/Empty/typing.js
16 silly found diff in packages/antx/lib/Modal/index.d.ts
16 silly found diff in packages/antx/lib/Modal/index.js
16 silly found diff in packages/antx/lib/Modal/typing.d.ts
16 silly found diff in packages/antx/lib/Modal/typing.js
16 silly found diff in packages/antx/lib/Notification/index.d.ts
16 silly found diff in packages/antx/lib/Notification/index.js
16 silly found diff in packages/antx/lib/Upload/index.d.ts
16 silly found diff in packages/antx/lib/Upload/index.js
16 silly found diff in packages/antx/lib/Upload/typing.d.ts
16 silly found diff in packages/antx/lib/Upload/typing.js
16 silly found diff in packages/antx/lib/Upload/util.d.ts
16 silly found diff in packages/antx/lib/Upload/util.js
16 silly found diff in packages/antx/lib/index.d.ts
16 silly found diff in packages/antx/lib/index.js
16 silly found diff in packages/antx/lib/utils/request.d.ts
16 silly found diff in packages/antx/lib/utils/request.js
16 silly found diff in packages/antx/package.json
16 silly found diff in packages/antx/src/BrickWall/drag.tsx
16 silly found diff in packages/antx/src/BrickWall/index.tsx
16 silly found diff in packages/antx/src/Table/index.md
16 silly found diff in packages/antx/src/Table/index.tsx
16 silly found diff in packages/antx/src/Table/table.tsx
16 silly found diff in packages/antx/src/Tree/index.md
16 silly found diff in packages/antx/src/Tree/index.tsx
16 silly found diff in packages/antx/src/demos/brickWallDemo.tsx
16 silly found diff in packages/antx/src/index.ts
17 verbose filtered diff [
17 verbose filtered diff   'packages/antx/es/BrickWall/drag.d.ts',
17 verbose filtered diff   'packages/antx/es/BrickWall/drag.js',
17 verbose filtered diff   'packages/antx/es/BrickWall/index.d.ts',
17 verbose filtered diff   'packages/antx/es/BrickWall/index.js',
17 verbose filtered diff   'packages/antx/es/BrickWall/typing.d.ts',
17 verbose filtered diff   'packages/antx/es/BrickWall/typing.js',
17 verbose filtered diff   'packages/antx/es/Button/index.d.ts',
17 verbose filtered diff   'packages/antx/es/Button/index.js',
17 verbose filtered diff   'packages/antx/es/Button/index.less',
17 verbose filtered diff   'packages/antx/es/Button/style/index.less',
17 verbose filtered diff   'packages/antx/es/Empty/images/adddevice.png',
17 verbose filtered diff   'packages/antx/es/Empty/images/associatedCockpit.png',
17 verbose filtered diff   'packages/antx/es/Empty/images/equipmentWorkWell.png',
17 verbose filtered diff   'packages/antx/es/Empty/images/networkerror.png',
17 verbose filtered diff   'packages/antx/es/Empty/images/noHistoryTrend.png',
17 verbose filtered diff   'packages/antx/es/Empty/images/nofile.png',
17 verbose filtered diff   'packages/antx/es/Empty/images/nomessage.png',
17 verbose filtered diff   'packages/antx/es/Empty/images/searchResultEmpty.png',
17 verbose filtered diff   'packages/antx/es/Empty/index.d.ts',
17 verbose filtered diff   'packages/antx/es/Empty/index.js',
17 verbose filtered diff   'packages/antx/es/Empty/typing.d.ts',
17 verbose filtered diff   'packages/antx/es/Empty/typing.js',
17 verbose filtered diff   'packages/antx/es/Foo/index.d.ts',
17 verbose filtered diff   'packages/antx/es/Foo/index.js',
17 verbose filtered diff   'packages/antx/es/Modal/index.d.ts',
17 verbose filtered diff   'packages/antx/es/Modal/index.js',
17 verbose filtered diff   'packages/antx/es/Notification/index.js',
17 verbose filtered diff   'packages/antx/es/Upload/index.js',
17 verbose filtered diff   'packages/antx/es/index.d.ts',
17 verbose filtered diff   'packages/antx/es/index.js',
17 verbose filtered diff   'packages/antx/es/utils/request.js',
17 verbose filtered diff   'packages/antx/lib/BrickWall/drag.d.ts',
17 verbose filtered diff   'packages/antx/lib/BrickWall/drag.js',
17 verbose filtered diff   'packages/antx/lib/BrickWall/index.d.ts',
17 verbose filtered diff   'packages/antx/lib/BrickWall/index.js',
17 verbose filtered diff   'packages/antx/lib/BrickWall/typing.d.ts',
17 verbose filtered diff   'packages/antx/lib/BrickWall/typing.js',
17 verbose filtered diff   'packages/antx/lib/Empty/images/adddevice.png',
17 verbose filtered diff   'packages/antx/lib/Empty/images/associatedCockpit.png',
17 verbose filtered diff   'packages/antx/lib/Empty/images/equipmentWorkWell.png',
17 verbose filtered diff   'packages/antx/lib/Empty/images/networkerror.png',
17 verbose filtered diff   'packages/antx/lib/Empty/images/noHistoryTrend.png',
17 verbose filtered diff   'packages/antx/lib/Empty/images/nofile.png',
17 verbose filtered diff   'packages/antx/lib/Empty/images/nomessage.png',
17 verbose filtered diff   'packages/antx/lib/Empty/images/searchResultEmpty.png',
17 verbose filtered diff   'packages/antx/lib/Empty/index.d.ts',
17 verbose filtered diff   'packages/antx/lib/Empty/index.js',
17 verbose filtered diff   'packages/antx/lib/Empty/typing.d.ts',
17 verbose filtered diff   'packages/antx/lib/Empty/typing.js',
17 verbose filtered diff   'packages/antx/lib/Modal/index.d.ts',
17 verbose filtered diff   'packages/antx/lib/Modal/index.js',
17 verbose filtered diff   'packages/antx/lib/Modal/typing.d.ts',
17 verbose filtered diff   'packages/antx/lib/Modal/typing.js',
17 verbose filtered diff   'packages/antx/lib/Notification/index.d.ts',
17 verbose filtered diff   'packages/antx/lib/Notification/index.js',
17 verbose filtered diff   'packages/antx/lib/Upload/index.d.ts',
17 verbose filtered diff   'packages/antx/lib/Upload/index.js',
17 verbose filtered diff   'packages/antx/lib/Upload/typing.d.ts',
17 verbose filtered diff   'packages/antx/lib/Upload/typing.js',
17 verbose filtered diff   'packages/antx/lib/Upload/util.d.ts',
17 verbose filtered diff   'packages/antx/lib/Upload/util.js',
17 verbose filtered diff   'packages/antx/lib/index.d.ts',
17 verbose filtered diff   'packages/antx/lib/index.js',
17 verbose filtered diff   'packages/antx/lib/utils/request.d.ts',
17 verbose filtered diff   'packages/antx/lib/utils/request.js',
17 verbose filtered diff   'packages/antx/package.json',
17 verbose filtered diff   'packages/antx/src/BrickWall/drag.tsx',
17 verbose filtered diff   'packages/antx/src/BrickWall/index.tsx',
17 verbose filtered diff   'packages/antx/src/Table/index.md',
17 verbose filtered diff   'packages/antx/src/Table/index.tsx',
17 verbose filtered diff   'packages/antx/src/Table/table.tsx',
17 verbose filtered diff   'packages/antx/src/Tree/index.md',
17 verbose filtered diff   'packages/antx/src/Tree/index.tsx',
17 verbose filtered diff   'packages/antx/src/demos/brickWallDemo.tsx',
17 verbose filtered diff   'packages/antx/src/index.ts'
17 verbose filtered diff ]
18 silly checking diff packages/bus-components
19 silly found diff in packages/bus-components/lib/Foo/index.js
19 silly found diff in packages/bus-components/lib/index.js
19 silly found diff in packages/bus-components/package.json
20 verbose filtered diff [
20 verbose filtered diff   'packages/bus-components/lib/Foo/index.js',
20 verbose filtered diff   'packages/bus-components/lib/index.js',
20 verbose filtered diff   'packages/bus-components/package.json'
20 verbose filtered diff ]
21 silly checking diff packages/utils
22 silly found diff in packages/utils/es/BaseRequest/index.js
22 silly found diff in packages/utils/es/BaseRequest/request.js
22 silly found diff in packages/utils/es/Socket/index.d.ts
22 silly found diff in packages/utils/es/Socket/index.js
22 silly found diff in packages/utils/es/index.d.ts
22 silly found diff in packages/utils/es/index.js
22 silly found diff in packages/utils/package.json
23 verbose filtered diff [
23 verbose filtered diff   'packages/utils/es/BaseRequest/index.js',
23 verbose filtered diff   'packages/utils/es/BaseRequest/request.js',
23 verbose filtered diff   'packages/utils/es/Socket/index.d.ts',
23 verbose filtered diff   'packages/utils/es/Socket/index.js',
23 verbose filtered diff   'packages/utils/es/index.d.ts',
23 verbose filtered diff   'packages/utils/es/index.js',
23 verbose filtered diff   'packages/utils/package.json'
23 verbose filtered diff ]
24 verbose updated @bici-wui/antx
25 verbose updated @bici-wui/bus-components
26 verbose updated @bici-wui/utils
27 verbose git-describe undefined => "@bici-wui/antx@1.0.1-7-gde31fab"
28 silly git-describe parsed => {"lastTagName":"@bici-wui/antx@1.0.1","lastVersion":"1.0.1","refCount":"7","sha":"de31fab","isDirty":false}
29 info execute Skipping releases
30 silly lifecycle No script for "preversion" in "bici-wui", continuing
31 silly lifecycle No script for "preversion" in "@bici-wui/utils", continuing
32 silly lifecycle No script for "version" in "@bici-wui/utils", continuing
33 silly lifecycle No script for "preversion" in "@bici-wui/antx", continuing
34 silly lifecycle No script for "version" in "@bici-wui/antx", continuing
35 silly lifecycle No script for "preversion" in "@bici-wui/bus-components", continuing
36 silly lifecycle No script for "version" in "@bici-wui/bus-components", continuing
37 silly lifecycle No script for "version" in "bici-wui", continuing
38 silly gitAdd [
38 silly gitAdd   'packages/utils/package.json',
38 silly gitAdd   'packages/antx/package.json',
38 silly gitAdd   'packages/bus-components/package.json'
38 silly gitAdd ]
39 silly gitCommit chore(release): publish
39 silly gitCommit
39 silly gitCommit  - @bici-wui/antx@1.0.2
39 silly gitCommit  - @bici-wui/bus-components@1.0.2
39 silly gitCommit  - @bici-wui/utils@1.0.2
40 verbose git [
40 verbose git   'commit',
40 verbose git   '-F',
40 verbose git   '/private/var/folders/xx/w7_4pn4s59n065qccdcj3vth0000gn/T/d4f36c7a-78c2-4005-baa7-72fd7f71485b/lerna-commit.txt'
40 verbose git ]
41 silly gitTag @bici-wui/antx@1.0.2
42 verbose git [ 'tag', '@bici-wui/antx@1.0.2', '-m', '@bici-wui/antx@1.0.2' ]
43 silly gitTag @bici-wui/bus-components@1.0.2
44 verbose git [
44 verbose git   'tag',
44 verbose git   '@bici-wui/bus-components@1.0.2',
44 verbose git   '-m',
44 verbose git   '@bici-wui/bus-components@1.0.2'
44 verbose git ]
45 silly gitTag @bici-wui/utils@1.0.2
46 verbose git [ 'tag', '@bici-wui/utils@1.0.2', '-m', '@bici-wui/utils@1.0.2' ]
47 silly lifecycle No script for "postversion" in "@bici-wui/antx", continuing
48 silly lifecycle No script for "postversion" in "@bici-wui/bus-components", continuing
49 silly lifecycle No script for "postversion" in "@bici-wui/utils", continuing
50 silly lifecycle No script for "postversion" in "bici-wui", continuing
51 info git Pushing tags...
52 silly gitPush origin master
53 error Error: Command failed with exit code 1: git push --follow-tags --no-verify --atomic origin master
53 error error: RPC failed; curl 56 LibreSSL SSL_read: error:02FFF03C:system library:func(4095):Operation timed out, errno 60
53 error send-pack: unexpected disconnect while reading sideband packet
53 error fatal: the remote end hung up unexpectedly
53 error Everything up-to-date
53 error     at makeError (/Users/brady/work/bici/bicilib/bici-wui/node_modules/@lerna/child-process/node_modules/execa/lib/error.js:60:11)
53 error     at handlePromise (/Users/brady/work/bici/bicilib/bici-wui/node_modules/@lerna/child-process/node_modules/execa/index.js:118:26)
